mode: set
awesomeProject15/lq/lq.go:13.49,15.2 1 1
awesomeProject15/lq/lq.go:18.69,20.2 1 1
awesomeProject15/lq/lq.go:23.63,25.2 1 1
awesomeProject15/lq/lq.go:28.77,30.2 1 1
awesomeProject15/lq/lq.go:33.66,35.2 1 1
awesomeProject15/lq/lq.go:38.48,39.27 1 1
awesomeProject15/lq/lq.go:39.27,41.3 1 1
awesomeProject15/lq/lq.go:45.38,47.27 2 1
awesomeProject15/lq/lq.go:47.27,49.3 1 1
awesomeProject15/lq/lq.go:50.2,50.15 1 1
awesomeProject15/lq/lq.go:54.73,55.34 1 1
awesomeProject15/lq/lq.go:55.34,56.26 1 1
awesomeProject15/lq/lq.go:56.26,57.24 1 1
awesomeProject15/lq/lq.go:57.24,58.22 1 1
awesomeProject15/lq/lq.go:58.22,60.6 1 1
awesomeProject15/lq/lq.go:67.75,68.34 1 1
awesomeProject15/lq/lq.go:68.34,69.31 1 1
awesomeProject15/lq/lq.go:69.31,70.32 1 1
awesomeProject15/lq/lq.go:70.32,72.5 1 1
awesomeProject15/lq/lq.go:78.86,79.34 1 1
awesomeProject15/lq/lq.go:79.34,80.31 1 1
awesomeProject15/lq/lq.go:80.31,81.51 1 1
awesomeProject15/lq/lq.go:81.51,82.33 1 1
awesomeProject15/lq/lq.go:82.33,84.6 1 1
awesomeProject15/lq/lq.go:91.77,93.30 2 1
awesomeProject15/lq/lq.go:93.30,95.3 1 1
awesomeProject15/lq/lq.go:96.2,96.15 1 1
awesomeProject15/lq/lq.go:100.82,102.30 2 1
awesomeProject15/lq/lq.go:102.30,104.3 1 1
awesomeProject15/lq/lq.go:105.2,105.15 1 1
